DISASTER EVENT LOG
============================================================
SensorAgent ID: SENSOR-001
Total Events Detected: 2
============================================================

Event #1
  Timestamp: 2026-01-28 22:12:55
  Type: Earthquake
  Location: Zone D
  Severity: LOW (Level 1)
  Affected Population: 174
  Resources Needed: 2
------------------------------------------------------------

Event #2
  Timestamp: 2026-01-28 22:12:56
  Type: Fire
  Location: Zone C
  Severity: HIGH (Level 3)
  Affected Population: 46
  Resources Needed: 1
------------------------------------------------------------

